{"meta": {"format": 3, "version": "7.9.2", "timestamp": "2025-07-05T10:56:31.711803", "branch_coverage": false, "show_contexts": false}, "files": {"src/pihole_mcp_server/__init__.py": {"executed_lines": [1, 3, 4, 5, 6, 8, 9], "summary": {"covered_lines": 6, "num_statements": 6, "percent_covered": 100.0, "percent_covered_display": "100", "missing_lines": 0, "excluded_lines": 0}, "missing_lines": [], "excluded_lines": [], "functions": {"": {"executed_lines": [1, 3, 4, 5, 6, 8, 9], "summary": {"covered_lines": 6, "num_statements": 6, "percent_covered": 100.0, "percent_covered_display": "100", "missing_lines": 0, "excluded_lines": 0}, "missing_lines": [], "excluded_lines": []}}, "classes": {"": {"executed_lines": [1, 3, 4, 5, 6, 8, 9], "summary": {"covered_lines": 6, "num_statements": 6, "percent_covered": 100.0, "percent_covered_display": "100", "missing_lines": 0, "excluded_lines": 0}, "missing_lines": [], "excluded_lines": []}}}, "src/pihole_mcp_server/cli.py": {"executed_lines": [1, 3, 4, 5, 6, 8, 9, 10, 11, 12, 13, 14, 16, 22, 24, 27, 30, 31, 32, 33, 34, 35, 36, 37, 38, 42, 43, 44, 45, 46, 47, 48, 49, 50, 51, 52, 53, 54, 56, 59, 60, 61, 66, 67, 96, 97, 100, 101, 106, 107, 110, 114, 115, 118, 121, 122, 123, 135, 136, 138, 139, 140, 144, 145, 148, 156, 159, 162, 173, 175, 176, 177, 178, 179, 181, 184, 185, 186, 187, 188, 189, 191, 194, 195, 197, 198, 201, 202, 210, 213, 218, 219, 220, 221, 231, 232, 233, 235, 240, 241, 244, 245, 247, 250, 251, 252, 254, 255, 256, 257, 258, 259, 260, 261, 262, 263, 264, 265, 266, 267, 269, 272, 275, 276, 278, 279, 280, 281, 282, 284, 287, 288, 289, 290, 300, 301, 302, 304, 306, 311, 312, 314, 315, 316, 317, 319, 323, 326, 327, 328, 329, 338, 339, 340, 342, 344, 345, 347, 348, 351, 352, 357, 362, 363, 364, 375, 376, 377, 379, 380, 381, 383, 384, 385, 386, 387, 388, 389, 390, 392, 393, 394, 396, 397, 398, 400, 401, 407, 408, 409, 410, 420, 422, 423, 424, 426, 427, 428, 431, 432, 433, 434, 435, 440, 441, 444, 445, 446, 447, 456, 458, 461, 462, 464, 465, 466, 469, 471, 473, 474, 475, 476, 479, 480, 482, 483, 484, 485, 486, 487, 491, 496, 498, 501], "summary": {"covered_lines": 233, "num_statements": 247, "percent_covered": 94.33198380566802, "percent_covered_display": "94", "missing_lines": 14, "excluded_lines": 0}, "missing_lines": [141, 157, 206, 207, 208, 320, 321, 403, 404, 436, 438, 492, 493, 502], "excluded_lines": [], "functions": {"handle_errors": {"executed_lines": [30, 31, 56], "summary": {"covered_lines": 3, "num_statements": 3, "percent_covered": 100.0, "percent_covered_display": "100", "missing_lines": 0, "excluded_lines": 0}, "missing_lines": [], "excluded_lines": []}, "handle_errors.wrapper": {"executed_lines": [32, 33, 34, 35, 36, 37, 38, 42, 43, 44, 45, 46, 47, 48, 49, 50, 51, 52, 53, 54], "summary": {"covered_lines": 20, "num_statements": 20, "percent_covered": 100.0, "percent_covered_display": "100", "missing_lines": 0, "excluded_lines": 0}, "missing_lines": [], "excluded_lines": []}, "cli": {"executed_lines": [96, 97], "summary": {"covered_lines": 2, "num_statements": 2, "percent_covered": 100.0, "percent_covered_display": "100", "missing_lines": 0, "excluded_lines": 0}, "missing_lines": [], "excluded_lines": []}, "login": {"executed_lines": [135, 136, 138, 139, 140, 144, 145, 148, 156, 159, 162, 173, 175, 176, 177, 178, 179, 181, 184, 185, 186, 187, 188, 189, 191, 194, 195, 197, 198, 201, 202, 210, 213], "summary": {"covered_lines": 33, "num_statements": 38, "percent_covered": 86.84210526315789, "percent_covered_display": "87", "missing_lines": 5, "excluded_lines": 0}, "missing_lines": [141, 157, 206, 207, 208], "excluded_lines": []}, "status": {"executed_lines": [231, 232, 233, 235, 240, 241, 244, 245, 247, 250, 251, 252, 254, 255, 256, 257, 258, 259, 260, 261, 262, 263, 264, 265, 266, 267, 269, 272, 275, 276, 278, 279, 280, 281, 282, 284], "summary": {"covered_lines": 36, "num_statements": 36, "percent_covered": 100.0, "percent_covered_display": "100", "missing_lines": 0, "excluded_lines": 0}, "missing_lines": [], "excluded_lines": []}, "test": {"executed_lines": [300, 301, 302, 304, 306, 311, 312, 314, 315, 316, 317, 319, 323], "summary": {"covered_lines": 13, "num_statements": 15, "percent_covered": 86.66666666666667, "percent_covered_display": "87", "missing_lines": 2, "excluded_lines": 0}, "missing_lines": [320, 321], "excluded_lines": []}, "enable": {"executed_lines": [338, 339, 340, 342, 344, 345, 347, 348], "summary": {"covered_lines": 8, "num_statements": 8, "percent_covered": 100.0, "percent_covered_display": "100", "missing_lines": 0, "excluded_lines": 0}, "missing_lines": [], "excluded_lines": []}, "disable": {"executed_lines": [375, 376, 377, 379, 380, 381, 383, 384, 385, 386, 387, 388, 389, 390, 392, 393, 394, 396, 397, 398, 400, 401], "summary": {"covered_lines": 22, "num_statements": 24, "percent_covered": 91.66666666666667, "percent_covered_display": "92", "missing_lines": 2, "excluded_lines": 0}, "missing_lines": [403, 404], "excluded_lines": []}, "logout": {"executed_lines": [420, 422, 423, 424, 426, 427, 428, 431, 432, 433, 434, 435, 440, 441], "summary": {"covered_lines": 14, "num_statements": 16, "percent_covered": 87.5, "percent_covered_display": "88", "missing_lines": 2, "excluded_lines": 0}, "missing_lines": [436, 438], "excluded_lines": []}, "info": {"executed_lines": [456, 458, 461, 462, 464, 465, 466, 469, 471, 473, 474, 475, 476, 479, 480, 482, 483, 484, 485, 486, 487, 491], "summary": {"covered_lines": 22, "num_statements": 24, "percent_covered": 91.66666666666667, "percent_covered_display": "92", "missing_lines": 2, "excluded_lines": 0}, "missing_lines": [492, 493], "excluded_lines": []}, "main": {"executed_lines": [498], "summary": {"covered_lines": 1, "num_statements": 1, "percent_covered": 100.0, "percent_covered_display": "100", "missing_lines": 0, "excluded_lines": 0}, "missing_lines": [], "excluded_lines": []}, "": {"executed_lines": [1, 3, 4, 5, 6, 8, 9, 10, 11, 12, 13, 14, 16, 22, 24, 27, 59, 60, 61, 66, 67, 100, 101, 106, 107, 110, 114, 115, 118, 121, 122, 123, 218, 219, 220, 221, 287, 288, 289, 290, 326, 327, 328, 329, 351, 352, 357, 362, 363, 364, 407, 408, 409, 410, 444, 445, 446, 447, 496, 501], "summary": {"covered_lines": 59, "num_statements": 60, "percent_covered": 98.33333333333333, "percent_covered_display": "98", "missing_lines": 1, "excluded_lines": 0}, "missing_lines": [502], "excluded_lines": []}}, "classes": {"": {"executed_lines": [1, 3, 4, 5, 6, 8, 9, 10, 11, 12, 13, 14, 16, 22, 24, 27, 30, 31, 32, 33, 34, 35, 36, 37, 38, 42, 43, 44, 45, 46, 47, 48, 49, 50, 51, 52, 53, 54, 56, 59, 60, 61, 66, 67, 96, 97, 100, 101, 106, 107, 110, 114, 115, 118, 121, 122, 123, 135, 136, 138, 139, 140, 144, 145, 148, 156, 159, 162, 173, 175, 176, 177, 178, 179, 181, 184, 185, 186, 187, 188, 189, 191, 194, 195, 197, 198, 201, 202, 210, 213, 218, 219, 220, 221, 231, 232, 233, 235, 240, 241, 244, 245, 247, 250, 251, 252, 254, 255, 256, 257, 258, 259, 260, 261, 262, 263, 264, 265, 266, 267, 269, 272, 275, 276, 278, 279, 280, 281, 282, 284, 287, 288, 289, 290, 300, 301, 302, 304, 306, 311, 312, 314, 315, 316, 317, 319, 323, 326, 327, 328, 329, 338, 339, 340, 342, 344, 345, 347, 348, 351, 352, 357, 362, 363, 364, 375, 376, 377, 379, 380, 381, 383, 384, 385, 386, 387, 388, 389, 390, 392, 393, 394, 396, 397, 398, 400, 401, 407, 408, 409, 410, 420, 422, 423, 424, 426, 427, 428, 431, 432, 433, 434, 435, 440, 441, 444, 445, 446, 447, 456, 458, 461, 462, 464, 465, 466, 469, 471, 473, 474, 475, 476, 479, 480, 482, 483, 484, 485, 486, 487, 491, 496, 498, 501], "summary": {"covered_lines": 233, "num_statements": 247, "percent_covered": 94.33198380566802, "percent_covered_display": "94", "missing_lines": 14, "excluded_lines": 0}, "missing_lines": [141, 157, 206, 207, 208, 320, 321, 403, 404, 436, 438, 492, 493, 502], "excluded_lines": []}}}, "src/pihole_mcp_server/credential_manager.py": {"executed_lines": [1, 3, 4, 5, 6, 7, 8, 10, 11, 12, 13, 14, 16, 19, 20, 21, 23, 24, 25, 26, 27, 28, 29, 30, 32, 34, 45, 46, 48, 60, 61, 63, 66, 67, 69, 72, 73, 75, 78, 79, 81, 84, 85, 87, 93, 94, 96, 97, 98, 101, 103, 105, 108, 109, 110, 112, 114, 116, 122, 124, 134, 135, 136, 138, 140, 145, 159, 160, 161, 162, 164, 165, 167, 168, 169, 171, 174, 177, 178, 179, 180, 185, 186, 187, 188, 193, 194, 195, 197, 199, 201, 210, 211, 212, 213, 214, 215, 217, 223, 224, 225, 226, 227, 228, 229, 230, 232, 238, 239, 240, 241, 242, 244, 253, 254, 255, 256, 258, 259, 262, 264, 265, 267, 276, 277, 279, 280, 281, 283, 284, 288, 289, 291, 292, 294, 300, 301, 302, 303, 304, 305, 307, 317, 318, 321, 323, 334, 335, 336, 339, 340, 341, 343, 345, 348, 351, 353, 359, 360, 361, 362, 363, 365, 375, 376, 378, 387, 388, 390, 391], "summary": {"covered_lines": 163, "num_statements": 167, "percent_covered": 97.60479041916167, "percent_covered_display": "98", "missing_lines": 4, "excluded_lines": 0}, "missing_lines": [181, 182, 189, 190], "excluded_lines": [], "functions": {"StoredCredentials.to_pihole_config": {"executed_lines": [34], "summary": {"covered_lines": 1, "num_statements": 1, "percent_covered": 100.0, "percent_covered_display": "100", "missing_lines": 0, "excluded_lines": 0}, "missing_lines": [], "excluded_lines": []}, "StoredCredentials.from_pihole_config": {"executed_lines": [48], "summary": {"covered_lines": 1, "num_statements": 1, "percent_covered": 100.0, "percent_covered_display": "100", "missing_lines": 0, "excluded_lines": 0}, "missing_lines": [], "excluded_lines": []}, "CredentialManager.__init__": {"executed_lines": [93, 94, 96, 97, 98, 101], "summary": {"covered_lines": 6, "num_statements": 6, "percent_covered": 100.0, "percent_covered_display": "100", "missing_lines": 0, "excluded_lines": 0}, "missing_lines": [], "excluded_lines": []}, "CredentialManager._ensure_config_dir": {"executed_lines": [105, 108, 109, 110, 112], "summary": {"covered_lines": 5, "num_statements": 5, "percent_covered": 100.0, "percent_covered_display": "100", "missing_lines": 0, "excluded_lines": 0}, "missing_lines": [], "excluded_lines": []}, "CredentialManager._derive_key": {"executed_lines": [116, 122], "summary": {"covered_lines": 2, "num_statements": 2, "percent_covered": 100.0, "percent_covered_display": "100", "missing_lines": 0, "excluded_lines": 0}, "missing_lines": [], "excluded_lines": []}, "CredentialManager._encrypt_data": {"executed_lines": [134, 135, 136, 138, 140], "summary": {"covered_lines": 5, "num_statements": 5, "percent_covered": 100.0, "percent_covered_display": "100", "missing_lines": 0, "excluded_lines": 0}, "missing_lines": [], "excluded_lines": []}, "CredentialManager._decrypt_data": {"executed_lines": [159, 160, 161, 162, 164, 165, 167, 168, 169], "summary": {"covered_lines": 9, "num_statements": 9, "percent_covered": 100.0, "percent_covered_display": "100", "missing_lines": 0, "excluded_lines": 0}, "missing_lines": [], "excluded_lines": []}, "CredentialManager._get_machine_id": {"executed_lines": [174, 177, 178, 179, 180, 185, 186, 187, 188, 193, 194, 195, 197, 199], "summary": {"covered_lines": 14, "num_statements": 18, "percent_covered": 77.77777777777777, "percent_covered_display": "78", "missing_lines": 4, "excluded_lines": 0}, "missing_lines": [181, 182, 189, 190], "excluded_lines": []}, "CredentialManager._try_keyring_storage": {"executed_lines": [210, 211, 212, 213, 214, 215], "summary": {"covered_lines": 6, "num_statements": 6, "percent_covered": 100.0, "percent_covered_display": "100", "missing_lines": 0, "excluded_lines": 0}, "missing_lines": [], "excluded_lines": []}, "CredentialManager._try_keyring_retrieval": {"executed_lines": [223, 224, 225, 226, 227, 228, 229, 230], "summary": {"covered_lines": 8, "num_statements": 8, "percent_covered": 100.0, "percent_covered_display": "100", "missing_lines": 0, "excluded_lines": 0}, "missing_lines": [], "excluded_lines": []}, "CredentialManager._try_keyring_deletion": {"executed_lines": [238, 239, 240, 241, 242], "summary": {"covered_lines": 5, "num_statements": 5, "percent_covered": 100.0, "percent_covered_display": "100", "missing_lines": 0, "excluded_lines": 0}, "missing_lines": [], "excluded_lines": []}, "CredentialManager._store_file_credentials": {"executed_lines": [253, 254, 255, 256, 258, 259, 262, 264, 265], "summary": {"covered_lines": 9, "num_statements": 9, "percent_covered": 100.0, "percent_covered_display": "100", "missing_lines": 0, "excluded_lines": 0}, "missing_lines": [], "excluded_lines": []}, "CredentialManager._load_file_credentials": {"executed_lines": [276, 277, 279, 280, 281, 283, 284, 288, 289, 291, 292], "summary": {"covered_lines": 11, "num_statements": 11, "percent_covered": 100.0, "percent_covered_display": "100", "missing_lines": 0, "excluded_lines": 0}, "missing_lines": [], "excluded_lines": []}, "CredentialManager._delete_file_credentials": {"executed_lines": [300, 301, 302, 303, 304, 305], "summary": {"covered_lines": 6, "num_statements": 6, "percent_covered": 100.0, "percent_covered_display": "100", "missing_lines": 0, "excluded_lines": 0}, "missing_lines": [], "excluded_lines": []}, "CredentialManager.store_credentials": {"executed_lines": [317, 318, 321], "summary": {"covered_lines": 3, "num_statements": 3, "percent_covered": 100.0, "percent_covered_display": "100", "missing_lines": 0, "excluded_lines": 0}, "missing_lines": [], "excluded_lines": []}, "CredentialManager.load_credentials": {"executed_lines": [334, 335, 336, 339, 340, 341, 343], "summary": {"covered_lines": 7, "num_statements": 7, "percent_covered": 100.0, "percent_covered_display": "100", "missing_lines": 0, "excluded_lines": 0}, "missing_lines": [], "excluded_lines": []}, "CredentialManager.delete_credentials": {"executed_lines": [348, 351], "summary": {"covered_lines": 2, "num_statements": 2, "percent_covered": 100.0, "percent_covered_display": "100", "missing_lines": 0, "excluded_lines": 0}, "missing_lines": [], "excluded_lines": []}, "CredentialManager.has_credentials": {"executed_lines": [359, 360, 361, 362, 363], "summary": {"covered_lines": 5, "num_statements": 5, "percent_covered": 100.0, "percent_covered_display": "100", "missing_lines": 0, "excluded_lines": 0}, "missing_lines": [], "excluded_lines": []}, "CredentialManager.get_pihole_config": {"executed_lines": [375, 376], "summary": {"covered_lines": 2, "num_statements": 2, "percent_covered": 100.0, "percent_covered_display": "100", "missing_lines": 0, "excluded_lines": 0}, "missing_lines": [], "excluded_lines": []}, "CredentialManager.store_pihole_config": {"executed_lines": [387, 388, 390, 391], "summary": {"covered_lines": 4, "num_statements": 4, "percent_covered": 100.0, "percent_covered_display": "100", "missing_lines": 0, "excluded_lines": 0}, "missing_lines": [], "excluded_lines": []}, "": {"executed_lines": [1, 3, 4, 5, 6, 7, 8, 10, 11, 12, 13, 14, 16, 19, 20, 21, 23, 24, 25, 26, 27, 28, 29, 30, 32, 45, 46, 60, 61, 63, 66, 67, 69, 72, 73, 75, 78, 79, 81, 84, 85, 87, 103, 114, 124, 145, 171, 201, 217, 232, 244, 267, 294, 307, 323, 345, 353, 365, 378], "summary": {"covered_lines": 52, "num_statements": 52, "percent_covered": 100.0, "percent_covered_display": "100", "missing_lines": 0, "excluded_lines": 0}, "missing_lines": [], "excluded_lines": []}}, "classes": {"StoredCredentials": {"executed_lines": [34, 48], "summary": {"covered_lines": 2, "num_statements": 2, "percent_covered": 100.0, "percent_covered_display": "100", "missing_lines": 0, "excluded_lines": 0}, "missing_lines": [], "excluded_lines": []}, "CredentialError": {"executed_lines": [], "summary": {"covered_lines": 0, "num_statements": 0, "percent_covered": 100.0, "percent_covered_display": "100", "missing_lines": 0, "excluded_lines": 0}, "missing_lines": [], "excluded_lines": []}, "CredentialNotFoundError": {"executed_lines": [], "summary": {"covered_lines": 0, "num_statements": 0, "percent_covered": 100.0, "percent_covered_display": "100", "missing_lines": 0, "excluded_lines": 0}, "missing_lines": [], "excluded_lines": []}, "CredentialStorageError": {"executed_lines": [], "summary": {"covered_lines": 0, "num_statements": 0, "percent_covered": 100.0, "percent_covered_display": "100", "missing_lines": 0, "excluded_lines": 0}, "missing_lines": [], "excluded_lines": []}, "CredentialDecryptionError": {"executed_lines": [], "summary": {"covered_lines": 0, "num_statements": 0, "percent_covered": 100.0, "percent_covered_display": "100", "missing_lines": 0, "excluded_lines": 0}, "missing_lines": [], "excluded_lines": []}, "CredentialManager": {"executed_lines": [93, 94, 96, 97, 98, 101, 105, 108, 109, 110, 112, 116, 122, 134, 135, 136, 138, 140, 159, 160, 161, 162, 164, 165, 167, 168, 169, 174, 177, 178, 179, 180, 185, 186, 187, 188, 193, 194, 195, 197, 199, 210, 211, 212, 213, 214, 215, 223, 224, 225, 226, 227, 228, 229, 230, 238, 239, 240, 241, 242, 253, 254, 255, 256, 258, 259, 262, 264, 265, 276, 277, 279, 280, 281, 283, 284, 288, 289, 291, 292, 300, 301, 302, 303, 304, 305, 317, 318, 321, 334, 335, 336, 339, 340, 341, 343, 348, 351, 359, 360, 361, 362, 363, 375, 376, 387, 388, 390, 391], "summary": {"covered_lines": 109, "num_statements": 113, "percent_covered": 96.46017699115045, "percent_covered_display": "96", "missing_lines": 4, "excluded_lines": 0}, "missing_lines": [181, 182, 189, 190], "excluded_lines": []}, "": {"executed_lines": [1, 3, 4, 5, 6, 7, 8, 10, 11, 12, 13, 14, 16, 19, 20, 21, 23, 24, 25, 26, 27, 28, 29, 30, 32, 45, 46, 60, 61, 63, 66, 67, 69, 72, 73, 75, 78, 79, 81, 84, 85, 87, 103, 114, 124, 145, 171, 201, 217, 232, 244, 267, 294, 307, 323, 345, 353, 365, 378], "summary": {"covered_lines": 52, "num_statements": 52, "percent_covered": 100.0, "percent_covered_display": "100", "missing_lines": 0, "excluded_lines": 0}, "missing_lines": [], "excluded_lines": []}}}, "src/pihole_mcp_server/pihole_client.py": {"executed_lines": [1, 3, 4, 5, 6, 7, 8, 10, 11, 14, 15, 17, 18, 19, 20, 23, 24, 25, 26, 30, 31, 33, 34, 35, 37, 38, 40, 41, 42, 44, 45, 47, 48, 50, 52, 53, 55, 58, 59, 61, 62, 63, 66, 67, 68, 71, 72, 73, 74, 75, 76, 79, 80, 81, 82, 83, 86, 87, 89, 92, 93, 95, 98, 99, 101, 104, 105, 107, 110, 111, 113, 119, 120, 121, 122, 123, 124, 127, 130, 131, 133, 135, 137, 139, 140, 143, 144, 146, 148, 151, 158, 159, 160, 165, 167, 168, 170, 171, 172, 175, 176, 177, 178, 181, 182, 185, 186, 187, 193, 195, 196, 197, 201, 207, 208, 211, 212, 213, 214, 218, 219, 220, 222, 228, 229, 230, 236, 238, 244, 245, 247, 253, 254, 256, 257, 259, 260, 265, 266, 267, 268, 269, 271, 272, 273, 276, 277, 279, 284, 285, 287, 289, 290, 291, 292, 293, 313, 322, 323, 325, 328, 330, 353, 355, 356, 357, 360, 361, 363, 366, 367, 370, 372, 373, 374, 375, 376, 377, 378, 379, 380, 381, 382, 383, 385, 386, 388, 391, 392, 396, 397, 400, 401, 402, 403, 404, 405, 406, 407, 409, 410, 411, 414, 415, 417, 418, 419, 422, 423, 439, 440, 441, 442, 443, 444, 445, 447, 451, 454, 458, 459, 460, 461, 464, 465, 466, 467, 468, 469, 473, 476, 478, 482, 491, 492, 494, 496, 507, 508, 510, 513, 515, 516, 521, 522, 523, 524, 535, 536, 537, 557, 559, 569, 570, 572, 583, 586, 587, 589, 590, 592, 594, 608, 609, 610, 612, 615, 616, 618, 619, 621, 623, 637, 638, 640, 641, 643, 653, 656, 657, 658, 660, 662, 668, 670, 671, 679, 680, 684, 685, 686, 688, 694, 697, 698, 699, 701, 702, 704, 706, 708, 711, 712, 717, 723, 724, 725, 728], "summary": {"covered_lines": 300, "num_statements": 360, "percent_covered": 83.33333333333333, "percent_covered_display": "83", "missing_lines": 60, "excluded_lines": 0}, "missing_lines": [149, 161, 163, 189, 191, 198, 199, 223, 225, 233, 234, 235, 239, 241, 281, 282, 294, 296, 298, 299, 300, 301, 302, 303, 305, 307, 308, 309, 310, 311, 324, 364, 384, 393, 431, 448, 449, 450, 455, 456, 470, 471, 472, 479, 480, 481, 486, 518, 525, 527, 528, 529, 530, 532, 547, 673, 674, 676, 713, 715], "excluded_lines": [], "functions": {"PiHoleConfig.validate_host": {"executed_lines": [33, 34, 35], "summary": {"covered_lines": 3, "num_statements": 3, "percent_covered": 100.0, "percent_covered_display": "100", "missing_lines": 0, "excluded_lines": 0}, "missing_lines": [], "excluded_lines": []}, "PiHoleConfig.validate_port": {"executed_lines": [40, 41, 42], "summary": {"covered_lines": 3, "num_statements": 3, "percent_covered": 100.0, "percent_covered_display": "100", "missing_lines": 0, "excluded_lines": 0}, "missing_lines": [], "excluded_lines": []}, "PiHoleConfig.base_url": {"executed_lines": [47, 48], "summary": {"covered_lines": 2, "num_statements": 2, "percent_covered": 100.0, "percent_covered_display": "100", "missing_lines": 0, "excluded_lines": 0}, "missing_lines": [], "excluded_lines": []}, "PiHoleConfig.get_api_url": {"executed_lines": [52, 53, 55], "summary": {"covered_lines": 3, "num_statements": 3, "percent_covered": 100.0, "percent_covered_display": "100", "missing_lines": 0, "excluded_lines": 0}, "missing_lines": [], "excluded_lines": []}, "PiHoleClient.__init__": {"executed_lines": [119, 120, 121, 122, 123, 124, 127, 130, 131, 133, 135], "summary": {"covered_lines": 11, "num_statements": 11, "percent_covered": 100.0, "percent_covered_display": "100", "missing_lines": 0, "excluded_lines": 0}, "missing_lines": [], "excluded_lines": []}, "PiHoleClient._get_session_cache_file": {"executed_lines": [139, 140, 143, 144], "summary": {"covered_lines": 4, "num_statements": 4, "percent_covered": 100.0, "percent_covered_display": "100", "missing_lines": 0, "excluded_lines": 0}, "missing_lines": [], "excluded_lines": []}, "PiHoleClient._save_session_cache": {"executed_lines": [148, 151, 158, 159, 160], "summary": {"covered_lines": 5, "num_statements": 8, "percent_covered": 62.5, "percent_covered_display": "62", "missing_lines": 3, "excluded_lines": 0}, "missing_lines": [149, 161, 163], "excluded_lines": []}, "PiHoleClient._load_cached_session": {"executed_lines": [167, 168, 170, 171, 172, 175, 176, 177, 178, 181, 182, 185, 186, 187], "summary": {"covered_lines": 14, "num_statements": 16, "percent_covered": 87.5, "percent_covered_display": "88", "missing_lines": 2, "excluded_lines": 0}, "missing_lines": [189, 191], "excluded_lines": []}, "PiHoleClient._clear_session_cache": {"executed_lines": [195, 196, 197], "summary": {"covered_lines": 3, "num_statements": 5, "percent_covered": 60.0, "percent_covered_display": "60", "missing_lines": 2, "excluded_lines": 0}, "missing_lines": [198, 199], "excluded_lines": []}, "PiHoleClient._detect_api_version": {"executed_lines": [207, 208, 211, 212, 213, 214, 218, 219, 220, 222, 228, 229, 230, 236, 238, 244, 245], "summary": {"covered_lines": 17, "num_statements": 24, "percent_covered": 70.83333333333333, "percent_covered_display": "71", "missing_lines": 7, "excluded_lines": 0}, "missing_lines": [223, 225, 233, 234, 235, 239, 241], "excluded_lines": []}, "PiHoleClient._authenticate_modern": {"executed_lines": [253, 254, 256, 257, 259, 260, 265, 266, 267, 268, 269, 271, 272, 273, 276, 277, 279, 284, 285, 287, 289, 290, 291, 292, 293], "summary": {"covered_lines": 25, "num_statements": 41, "percent_covered": 60.97560975609756, "percent_covered_display": "61", "missing_lines": 16, "excluded_lines": 0}, "missing_lines": [281, 282, 294, 296, 298, 299, 300, 301, 302, 303, 305, 307, 308, 309, 310, 311], "excluded_lines": []}, "PiHoleClient._ensure_authentication": {"executed_lines": [322, 323, 325, 328], "summary": {"covered_lines": 4, "num_statements": 5, "percent_covered": 80.0, "percent_covered_display": "80", "missing_lines": 1, "excluded_lines": 0}, "missing_lines": [324], "excluded_lines": []}, "PiHoleClient._make_request": {"executed_lines": [353, 355, 356, 357, 360, 361, 363, 366, 367, 370, 372, 373, 374, 375, 376, 377, 378, 379, 380, 381, 382, 383, 385, 386, 388, 391, 392, 396, 397, 400, 401, 402, 403, 404, 405, 406, 407, 409, 410, 411, 414, 415, 417, 418, 419, 422, 423, 439, 440, 441, 442, 443, 444, 445, 447, 451, 454, 458, 459, 460, 461, 464, 465, 466, 467, 468, 469, 473, 476, 478, 482, 491, 492, 494], "summary": {"covered_lines": 74, "num_statements": 90, "percent_covered": 82.22222222222223, "percent_covered_display": "82", "missing_lines": 16, "excluded_lines": 0}, "missing_lines": [364, 384, 393, 431, 448, 449, 450, 455, 456, 470, 471, 472, 479, 480, 481, 486], "excluded_lines": []}, "PiHoleClient.get_status": {"executed_lines": [507, 508, 510, 513, 515, 516, 521, 522, 523, 524, 535, 536, 537, 557], "summary": {"covered_lines": 14, "num_statements": 22, "percent_covered": 63.63636363636363, "percent_covered_display": "64", "missing_lines": 8, "excluded_lines": 0}, "missing_lines": [518, 525, 527, 528, 529, 530, 532, 547], "excluded_lines": []}, "PiHoleClient.is_enabled": {"executed_lines": [569, 570], "summary": {"covered_lines": 2, "num_statements": 2, "percent_covered": 100.0, "percent_covered_display": "100", "missing_lines": 0, "excluded_lines": 0}, "missing_lines": [], "excluded_lines": []}, "PiHoleClient.enable": {"executed_lines": [583, 586, 587, 589, 590, 592], "summary": {"covered_lines": 6, "num_statements": 6, "percent_covered": 100.0, "percent_covered_display": "100", "missing_lines": 0, "excluded_lines": 0}, "missing_lines": [], "excluded_lines": []}, "PiHoleClient.disable": {"executed_lines": [608, 609, 610, 612, 615, 616, 618, 619, 621], "summary": {"covered_lines": 9, "num_statements": 9, "percent_covered": 100.0, "percent_covered_display": "100", "missing_lines": 0, "excluded_lines": 0}, "missing_lines": [], "excluded_lines": []}, "PiHoleClient.disable_for_minutes": {"executed_lines": [637, 638, 640, 641], "summary": {"covered_lines": 4, "num_statements": 4, "percent_covered": 100.0, "percent_covered_display": "100", "missing_lines": 0, "excluded_lines": 0}, "missing_lines": [], "excluded_lines": []}, "PiHoleClient.get_version": {"executed_lines": [653, 656, 657, 658, 660], "summary": {"covered_lines": 5, "num_statements": 5, "percent_covered": 100.0, "percent_covered_display": "100", "missing_lines": 0, "excluded_lines": 0}, "missing_lines": [], "excluded_lines": []}, "PiHoleClient.test_connection": {"executed_lines": [668, 670, 671, 679, 680, 684, 685, 686], "summary": {"covered_lines": 8, "num_statements": 11, "percent_covered": 72.72727272727273, "percent_covered_display": "73", "missing_lines": 3, "excluded_lines": 0}, "missing_lines": [673, 674, 676], "excluded_lines": []}, "PiHoleClient.test_authentication": {"executed_lines": [694, 697, 698, 699, 701, 702, 704, 706, 708, 711, 712], "summary": {"covered_lines": 11, "num_statements": 13, "percent_covered": 84.61538461538461, "percent_covered_display": "85", "missing_lines": 2, "excluded_lines": 0}, "missing_lines": [713, 715], "excluded_lines": []}, "PiHoleClient.logout": {"executed_lines": [723, 724, 725, 728], "summary": {"covered_lines": 4, "num_statements": 4, "percent_covered": 100.0, "percent_covered_display": "100", "missing_lines": 0, "excluded_lines": 0}, "missing_lines": [], "excluded_lines": []}, "": {"executed_lines": [1, 3, 4, 5, 6, 7, 8, 10, 11, 14, 15, 17, 18, 19, 20, 23, 24, 25, 26, 30, 31, 37, 38, 44, 45, 50, 58, 59, 61, 62, 63, 66, 67, 68, 71, 72, 73, 74, 75, 76, 79, 80, 81, 82, 83, 86, 87, 89, 92, 93, 95, 98, 99, 101, 104, 105, 107, 110, 111, 113, 137, 146, 165, 193, 201, 247, 313, 330, 496, 559, 572, 594, 623, 643, 662, 688, 717], "summary": {"covered_lines": 69, "num_statements": 69, "percent_covered": 100.0, "percent_covered_display": "100", "missing_lines": 0, "excluded_lines": 0}, "missing_lines": [], "excluded_lines": []}}, "classes": {"PiHoleConfig": {"executed_lines": [33, 34, 35, 40, 41, 42, 47, 48, 52, 53, 55], "summary": {"covered_lines": 11, "num_statements": 11, "percent_covered": 100.0, "percent_covered_display": "100", "missing_lines": 0, "excluded_lines": 0}, "missing_lines": [], "excluded_lines": []}, "PiHoleStatus": {"executed_lines": [], "summary": {"covered_lines": 0, "num_statements": 0, "percent_covered": 100.0, "percent_covered_display": "100", "missing_lines": 0, "excluded_lines": 0}, "missing_lines": [], "excluded_lines": []}, "PiHoleError": {"executed_lines": [], "summary": {"covered_lines": 0, "num_statements": 0, "percent_covered": 100.0, "percent_covered_display": "100", "missing_lines": 0, "excluded_lines": 0}, "missing_lines": [], "excluded_lines": []}, "PiHoleConnectionError": {"executed_lines": [], "summary": {"covered_lines": 0, "num_statements": 0, "percent_covered": 100.0, "percent_covered_display": "100", "missing_lines": 0, "excluded_lines": 0}, "missing_lines": [], "excluded_lines": []}, "PiHoleAPIError": {"executed_lines": [], "summary": {"covered_lines": 0, "num_statements": 0, "percent_covered": 100.0, "percent_covered_display": "100", "missing_lines": 0, "excluded_lines": 0}, "missing_lines": [], "excluded_lines": []}, "PiHoleAuthenticationError": {"executed_lines": [], "summary": {"covered_lines": 0, "num_statements": 0, "percent_covered": 100.0, "percent_covered_display": "100", "missing_lines": 0, "excluded_lines": 0}, "missing_lines": [], "excluded_lines": []}, "PiHoleClient": {"executed_lines": [119, 120, 121, 122, 123, 124, 127, 130, 131, 133, 135, 139, 140, 143, 144, 148, 151, 158, 159, 160, 167, 168, 170, 171, 172, 175, 176, 177, 178, 181, 182, 185, 186, 187, 195, 196, 197, 207, 208, 211, 212, 213, 214, 218, 219, 220, 222, 228, 229, 230, 236, 238, 244, 245, 253, 254, 256, 257, 259, 260, 265, 266, 267, 268, 269, 271, 272, 273, 276, 277, 279, 284, 285, 287, 289, 290, 291, 292, 293, 322, 323, 325, 328, 353, 355, 356, 357, 360, 361, 363, 366, 367, 370, 372, 373, 374, 375, 376, 377, 378, 379, 380, 381, 382, 383, 385, 386, 388, 391, 392, 396, 397, 400, 401, 402, 403, 404, 405, 406, 407, 409, 410, 411, 414, 415, 417, 418, 419, 422, 423, 439, 440, 441, 442, 443, 444, 445, 447, 451, 454, 458, 459, 460, 461, 464, 465, 466, 467, 468, 469, 473, 476, 478, 482, 491, 492, 494, 507, 508, 510, 513, 515, 516, 521, 522, 523, 524, 535, 536, 537, 557, 569, 570, 583, 586, 587, 589, 590, 592, 608, 609, 610, 612, 615, 616, 618, 619, 621, 637, 638, 640, 641, 653, 656, 657, 658, 660, 668, 670, 671, 679, 680, 684, 685, 686, 694, 697, 698, 699, 701, 702, 704, 706, 708, 711, 712, 723, 724, 725, 728], "summary": {"covered_lines": 220, "num_statements": 280, "percent_covered": 78.57142857142857, "percent_covered_display": "79", "missing_lines": 60, "excluded_lines": 0}, "missing_lines": [149, 161, 163, 189, 191, 198, 199, 223, 225, 233, 234, 235, 239, 241, 281, 282, 294, 296, 298, 299, 300, 301, 302, 303, 305, 307, 308, 309, 310, 311, 324, 364, 384, 393, 431, 448, 449, 450, 455, 456, 470, 471, 472, 479, 480, 481, 486, 518, 525, 527, 528, 529, 530, 532, 547, 673, 674, 676, 713, 715], "excluded_lines": []}, "": {"executed_lines": [1, 3, 4, 5, 6, 7, 8, 10, 11, 14, 15, 17, 18, 19, 20, 23, 24, 25, 26, 30, 31, 37, 38, 44, 45, 50, 58, 59, 61, 62, 63, 66, 67, 68, 71, 72, 73, 74, 75, 76, 79, 80, 81, 82, 83, 86, 87, 89, 92, 93, 95, 98, 99, 101, 104, 105, 107, 110, 111, 113, 137, 146, 165, 193, 201, 247, 313, 330, 496, 559, 572, 594, 623, 643, 662, 688, 717], "summary": {"covered_lines": 69, "num_statements": 69, "percent_covered": 100.0, "percent_covered_display": "100", "missing_lines": 0, "excluded_lines": 0}, "missing_lines": [], "excluded_lines": []}}}, "src/pihole_mcp_server/server.py": {"executed_lines": [1, 3, 4, 5, 6, 8, 9, 10, 11, 15, 16, 19, 20, 23, 24, 26, 29, 30, 32, 34, 35, 36, 39, 41, 44, 45, 106, 107, 132, 134, 135, 136, 137, 139, 141, 143, 144, 146, 147, 151, 153, 154, 155, 156, 159, 161, 162, 163, 164, 167, 168, 171, 172, 173, 174, 175, 176, 179, 180, 182, 184, 185, 187, 189, 190, 191, 192, 193, 194, 201, 203, 204, 206, 210, 211, 212, 213, 214, 216, 217, 218, 219, 220, 221, 223, 224, 226, 227, 234, 236, 239, 241, 242, 243, 244, 246, 248, 249, 251, 253, 254, 256, 258, 259, 260, 261, 262, 264, 266, 267, 269, 271, 272, 274, 276, 277, 279, 283, 285, 286, 288, 296, 313, 315, 318], "summary": {"covered_lines": 122, "num_statements": 155, "percent_covered": 78.70967741935483, "percent_covered_display": "79", "missing_lines": 33, "excluded_lines": 0}, "missing_lines": [47, 111, 113, 115, 116, 117, 118, 119, 120, 121, 122, 123, 124, 126, 128, 129, 130, 237, 290, 291, 298, 299, 300, 301, 302, 303, 304, 305, 306, 307, 309, 310, 319], "excluded_lines": [], "functions": {"PiHoleMCPServer.__init__": {"executed_lines": [34, 35, 36, 39], "summary": {"covered_lines": 4, "num_statements": 4, "percent_covered": 100.0, "percent_covered_display": "100", "missing_lines": 0, "excluded_lines": 0}, "missing_lines": [], "excluded_lines": []}, "PiHoleMCPServer._setup_handlers": {"executed_lines": [44, 45, 106, 107], "summary": {"covered_lines": 4, "num_statements": 4, "percent_covered": 100.0, "percent_covered_display": "100", "missing_lines": 0, "excluded_lines": 0}, "missing_lines": [], "excluded_lines": []}, "PiHoleMCPServer._setup_handlers.list_tools": {"executed_lines": [], "summary": {"covered_lines": 0, "num_statements": 1, "percent_covered": 0.0, "percent_covered_display": "0", "missing_lines": 1, "excluded_lines": 0}, "missing_lines": [47], "excluded_lines": []}, "PiHoleMCPServer._setup_handlers.call_tool": {"executed_lines": [], "summary": {"covered_lines": 0, "num_statements": 16, "percent_covered": 0.0, "percent_covered_display": "0", "missing_lines": 16, "excluded_lines": 0}, "missing_lines": [111, 113, 115, 116, 117, 118, 119, 120, 121, 122, 123, 124, 126, 128, 129, 130], "excluded_lines": []}, "PiHoleMCPServer._initialize_client": {"executed_lines": [134, 135, 136, 137, 139], "summary": {"covered_lines": 5, "num_statements": 5, "percent_covered": 100.0, "percent_covered_display": "100", "missing_lines": 0, "excluded_lines": 0}, "missing_lines": [], "excluded_lines": []}, "PiHoleMCPServer._ensure_client_initialized": {"executed_lines": [143, 144, 146, 147], "summary": {"covered_lines": 4, "num_statements": 4, "percent_covered": 100.0, "percent_covered_display": "100", "missing_lines": 0, "excluded_lines": 0}, "missing_lines": [], "excluded_lines": []}, "PiHoleMCPServer._handle_status": {"executed_lines": [153, 154, 155, 156, 159, 161, 162, 163, 164, 167, 168, 171, 172, 173, 174, 175, 176, 179, 180, 182, 184, 185], "summary": {"covered_lines": 22, "num_statements": 22, "percent_covered": 100.0, "percent_covered_display": "100", "missing_lines": 0, "excluded_lines": 0}, "missing_lines": [], "excluded_lines": []}, "PiHoleMCPServer._handle_enable": {"executed_lines": [189, 190, 191, 192, 193, 194, 201, 203, 204], "summary": {"covered_lines": 9, "num_statements": 9, "percent_covered": 100.0, "percent_covered_display": "100", "missing_lines": 0, "excluded_lines": 0}, "missing_lines": [], "excluded_lines": []}, "PiHoleMCPServer._handle_disable": {"executed_lines": [210, 211, 212, 213, 214, 216, 217, 218, 219, 220, 221, 223, 224, 226, 227, 234, 236], "summary": {"covered_lines": 17, "num_statements": 18, "percent_covered": 94.44444444444444, "percent_covered_display": "94", "missing_lines": 1, "excluded_lines": 0}, "missing_lines": [237], "excluded_lines": []}, "PiHoleMCPServer._handle_version": {"executed_lines": [241, 242, 243, 244, 246, 248, 249, 251, 253, 254], "summary": {"covered_lines": 10, "num_statements": 10, "percent_covered": 100.0, "percent_covered_display": "100", "missing_lines": 0, "excluded_lines": 0}, "missing_lines": [], "excluded_lines": []}, "PiHoleMCPServer._handle_test_connection": {"executed_lines": [258, 259, 260, 261, 262, 264, 266, 267, 269, 271, 272, 274, 276, 277, 279, 283, 285, 286], "summary": {"covered_lines": 18, "num_statements": 18, "percent_covered": 100.0, "percent_covered_display": "100", "missing_lines": 0, "excluded_lines": 0}, "missing_lines": [], "excluded_lines": []}, "PiHoleMCPServer.run": {"executed_lines": [], "summary": {"covered_lines": 0, "num_statements": 2, "percent_covered": 0.0, "percent_covered_display": "0", "missing_lines": 2, "excluded_lines": 0}, "missing_lines": [290, 291], "excluded_lines": []}, "async_main": {"executed_lines": [], "summary": {"covered_lines": 0, "num_statements": 12, "percent_covered": 0.0, "percent_covered_display": "0", "missing_lines": 12, "excluded_lines": 0}, "missing_lines": [298, 299, 300, 301, 302, 303, 304, 305, 306, 307, 309, 310], "excluded_lines": []}, "main": {"executed_lines": [315], "summary": {"covered_lines": 1, "num_statements": 1, "percent_covered": 100.0, "percent_covered_display": "100", "missing_lines": 0, "excluded_lines": 0}, "missing_lines": [], "excluded_lines": []}, "": {"executed_lines": [1, 3, 4, 5, 6, 8, 9, 10, 11, 15, 16, 19, 20, 23, 24, 26, 29, 30, 32, 41, 132, 141, 151, 187, 206, 239, 256, 288, 296, 313, 318], "summary": {"covered_lines": 28, "num_statements": 29, "percent_covered": 96.55172413793103, "percent_covered_display": "97", "missing_lines": 1, "excluded_lines": 0}, "missing_lines": [319], "excluded_lines": []}}, "classes": {"PiHoleToolError": {"executed_lines": [], "summary": {"covered_lines": 0, "num_statements": 0, "percent_covered": 100.0, "percent_covered_display": "100", "missing_lines": 0, "excluded_lines": 0}, "missing_lines": [], "excluded_lines": []}, "PiHoleMCPServer": {"executed_lines": [34, 35, 36, 39, 44, 45, 106, 107, 134, 135, 136, 137, 139, 143, 144, 146, 147, 153, 154, 155, 156, 159, 161, 162, 163, 164, 167, 168, 171, 172, 173, 174, 175, 176, 179, 180, 182, 184, 185, 189, 190, 191, 192, 193, 194, 201, 203, 204, 210, 211, 212, 213, 214, 216, 217, 218, 219, 220, 221, 223, 224, 226, 227, 234, 236, 241, 242, 243, 244, 246, 248, 249, 251, 253, 254, 258, 259, 260, 261, 262, 264, 266, 267, 269, 271, 272, 274, 276, 277, 279, 283, 285, 286], "summary": {"covered_lines": 93, "num_statements": 113, "percent_covered": 82.30088495575221, "percent_covered_display": "82", "missing_lines": 20, "excluded_lines": 0}, "missing_lines": [47, 111, 113, 115, 116, 117, 118, 119, 120, 121, 122, 123, 124, 126, 128, 129, 130, 237, 290, 291], "excluded_lines": []}, "": {"executed_lines": [1, 3, 4, 5, 6, 8, 9, 10, 11, 15, 16, 19, 20, 23, 24, 26, 29, 30, 32, 41, 132, 141, 151, 187, 206, 239, 256, 288, 296, 313, 315, 318], "summary": {"covered_lines": 29, "num_statements": 42, "percent_covered": 69.04761904761905, "percent_covered_display": "69", "missing_lines": 13, "excluded_lines": 0}, "missing_lines": [298, 299, 300, 301, 302, 303, 304, 305, 306, 307, 309, 310, 319], "excluded_lines": []}}}}, "totals": {"covered_lines": 824, "num_statements": 935, "percent_covered": 88.1283422459893, "percent_covered_display": "88", "missing_lines": 111, "excluded_lines": 0}}